2023-12-10T06:12:28+00:00 DEBUG POST: https://ads.tiktok.com/marketing_api/api/developer/app/create_auto_approve/

{"business_platform":"PROD","smb_id":"tt4b_woocommerce_657556ccdc433httplocalhostkafuwp-admin","smb_name":"PROD","redirect_url":"http:\/\/localhost\/kafu\/wp-admin\/"}
 ajax: no
2023-12-10T06:12:31+00:00 DEBUG Tt4b_Mapi_Class::create_open_source_app: Response: 

HTTP/1.1 200 OK
Content-Type: application/json
X-Tt-Logid: 202312100612295913A5660782BB75C0E7,202312100612295913A5660782BB75C0E7
Strict-Transport-Security: max-age=31536000; includeSubDomains
x-tt-trace-host: 01a3617db5bf67dfc082a36748836cfbb0ba3097eb0b4a925f869d6814ea07576fa61103471dd3a01d54819f11d17352e04e517f233e7cbe0af80337e306b0f09381e7955a8fb9434483123266c0c4b328ea05f07980c453049fb347e3581c84f406708c8a38e7fd82b8a63d4455719c52
x-tt-trace-id: 00-2312100612295913A5660782BB75C0E7-7920C262752E5188-00
Server: TLB
Content-Encoding: gzip
Content-Length: 203
X-Origin-Response-Time: 183,23.48.172.89
X-Akamai-Request-ID: 5425d56e.1ce590c8
Date: Sun, 10 Dec 2023 06:12:30 GMT
X-Cache: TCP_MISS from a95-101-55-38.deploy.akamaitechnologies.com (AkamaiGHost/11.3.2.1-52518411) (-)
Connection: close
Vary: Accept-Encoding
X-Cache-Remote: TCP_MISS from a23-48-172-89.deploy.akamaitechnologies.com (AkamaiGHost/11.3.2.1-52518411) (-)
x-tt-trace-tag: id=16;cdn-cache=miss;type=dyn
Server-Timing: cdn-cache; desc=MISS, edge; dur=170, origin; dur=183
Server-Timing: inner; dur=179
X-Parent-Response-Time: 351,95.101.55.38

{"code":0,"msg":"ok","data":{"external_data_key":"0d936e4e-b4af-4212-9fd5-2f6a12f13416","app_id":"7310845014064513026","redirect_uri":"http:\/\/localhost\/kafu\/wp-admin\/","app_secret":"05da7211b9105344ddd3edec3cd32207cdf9ea3f"}}

2023-12-10T06:14:08+00:00 DEBUG Tt4b_Pixel_Class::inject_view_content_event: hit ViewContent
2023-12-10T06:14:08+00:00 DEBUG Tt4b_Pixel_Class::inject_view_content_event: Missing option "access_token"
2023-12-10T06:22:30+00:00 DEBUG Tt4b_Pixel_Class::inject_view_content_event: hit ViewContent
2023-12-10T06:22:30+00:00 DEBUG Tt4b_Pixel_Class::inject_view_content_event: Missing option "access_token"
2023-12-10T06:43:55+00:00 DEBUG Tt4b_Pixel_Class::inject_view_content_event: hit ViewContent
2023-12-10T06:43:55+00:00 DEBUG Tt4b_Pixel_Class::inject_view_content_event: Missing option "access_token"
2023-12-10T06:44:12+00:00 DEBUG Tt4b_Pixel_Class::inject_view_content_event: hit ViewContent
2023-12-10T06:44:12+00:00 DEBUG Tt4b_Pixel_Class::inject_view_content_event: Missing option "access_token"
2023-12-10T07:10:36+00:00 DEBUG Tt4b_Pixel_Class::inject_view_content_event: hit ViewContent
2023-12-10T07:10:36+00:00 DEBUG Tt4b_Pixel_Class::inject_view_content_event: Missing option "access_token"
2023-12-10T07:12:13+00:00 DEBUG Tt4b_Pixel_Class::inject_view_content_event: hit ViewContent
2023-12-10T07:12:13+00:00 DEBUG Tt4b_Pixel_Class::inject_view_content_event: Missing option "access_token"
2023-12-10T07:12:17+00:00 DEBUG Tt4b_Pixel_Class::inject_view_content_event: hit ViewContent
2023-12-10T07:12:17+00:00 DEBUG Tt4b_Pixel_Class::inject_view_content_event: Missing option "access_token"
2023-12-10T07:12:18+00:00 DEBUG Tt4b_Pixel_Class::inject_view_content_event: hit ViewContent
2023-12-10T07:12:18+00:00 DEBUG Tt4b_Pixel_Class::inject_view_content_event: Missing option "access_token"
2023-12-10T07:12:22+00:00 DEBUG Tt4b_Pixel_Class::inject_view_content_event: hit ViewContent
2023-12-10T07:12:22+00:00 DEBUG Tt4b_Pixel_Class::inject_view_content_event: Missing option "access_token"
2023-12-10T07:12:53+00:00 DEBUG Tt4b_Pixel_Class::inject_view_content_event: hit ViewContent
2023-12-10T07:12:53+00:00 DEBUG Tt4b_Pixel_Class::inject_view_content_event: Missing option "access_token"
2023-12-10T07:15:20+00:00 DEBUG Tt4b_Pixel_Class::inject_view_content_event: hit ViewContent
2023-12-10T07:15:20+00:00 DEBUG Tt4b_Pixel_Class::inject_view_content_event: Missing option "access_token"
2023-12-10T07:22:16+00:00 DEBUG Tt4b_Pixel_Class::inject_view_content_event: hit ViewContent
2023-12-10T07:22:16+00:00 DEBUG Tt4b_Pixel_Class::inject_view_content_event: Missing option "access_token"
2023-12-10T07:23:29+00:00 DEBUG Tt4b_Pixel_Class::inject_view_content_event: hit ViewContent
2023-12-10T07:23:29+00:00 DEBUG Tt4b_Pixel_Class::inject_view_content_event: Missing option "access_token"
2023-12-10T07:24:39+00:00 DEBUG Tt4b_Pixel_Class::inject_view_content_event: hit ViewContent
2023-12-10T07:24:39+00:00 DEBUG Tt4b_Pixel_Class::inject_view_content_event: Missing option "access_token"
2023-12-10T07:25:36+00:00 DEBUG Tt4b_Pixel_Class::inject_view_content_event: hit ViewContent
2023-12-10T07:25:36+00:00 DEBUG Tt4b_Pixel_Class::inject_view_content_event: Missing option "access_token"
2023-12-10T07:27:41+00:00 DEBUG Tt4b_Pixel_Class::inject_view_content_event: hit ViewContent
2023-12-10T07:27:41+00:00 DEBUG Tt4b_Pixel_Class::inject_view_content_event: Missing option "access_token"
2023-12-10T07:28:32+00:00 DEBUG Tt4b_Pixel_Class::inject_view_content_event: hit ViewContent
2023-12-10T07:28:32+00:00 DEBUG Tt4b_Pixel_Class::inject_view_content_event: Missing option "access_token"
2023-12-10T07:29:26+00:00 DEBUG Tt4b_Pixel_Class::inject_view_content_event: hit ViewContent
2023-12-10T07:29:26+00:00 DEBUG Tt4b_Pixel_Class::inject_view_content_event: Missing option "access_token"
2023-12-10T07:29:32+00:00 DEBUG Tt4b_Pixel_Class::inject_view_content_event: hit ViewContent
2023-12-10T07:29:32+00:00 DEBUG Tt4b_Pixel_Class::inject_view_content_event: Missing option "access_token"
2023-12-10T07:29:32+00:00 DEBUG Tt4b_Pixel_Class::inject_view_content_event: hit ViewContent
2023-12-10T07:29:32+00:00 DEBUG Tt4b_Pixel_Class::inject_view_content_event: Missing option "access_token"
2023-12-10T07:29:44+00:00 DEBUG Tt4b_Pixel_Class::inject_view_content_event: hit ViewContent
2023-12-10T07:29:44+00:00 DEBUG Tt4b_Pixel_Class::inject_view_content_event: Missing option "access_token"
2023-12-10T08:21:23+00:00 DEBUG tt4b_product_delete: missing access token for tt4b_product_sync
2023-12-10T08:21:23+00:00 DEBUG tt4b_product_delete: missing access token for tt4b_product_sync
2023-12-10T08:21:23+00:00 DEBUG tt4b_product_delete: missing access token for tt4b_product_sync
2023-12-10T08:21:23+00:00 DEBUG tt4b_product_delete: missing access token for tt4b_product_sync
2023-12-10T08:21:23+00:00 DEBUG tt4b_product_delete: missing access token for tt4b_product_sync
2023-12-10T08:21:24+00:00 DEBUG tt4b_product_delete: missing access token for tt4b_product_sync
2023-12-10T08:21:24+00:00 DEBUG tt4b_product_delete: missing access token for tt4b_product_sync
2023-12-10T08:21:24+00:00 DEBUG tt4b_product_delete: missing access token for tt4b_product_sync
2023-12-10T08:21:24+00:00 DEBUG tt4b_product_delete: missing access token for tt4b_product_sync
2023-12-10T08:21:24+00:00 DEBUG tt4b_product_delete: missing access token for tt4b_product_sync
2023-12-10T08:21:24+00:00 DEBUG tt4b_product_delete: missing access token for tt4b_product_sync
2023-12-10T08:21:24+00:00 DEBUG tt4b_product_delete: missing access token for tt4b_product_sync
2023-12-10T08:21:24+00:00 DEBUG tt4b_product_delete: missing access token for tt4b_product_sync
2023-12-10T08:21:24+00:00 DEBUG tt4b_product_delete: missing access token for tt4b_product_sync
2023-12-10T08:21:24+00:00 DEBUG tt4b_product_delete: missing access token for tt4b_product_sync
2023-12-10T08:21:24+00:00 DEBUG tt4b_product_delete: missing access token for tt4b_product_sync
2023-12-10T08:21:24+00:00 DEBUG tt4b_product_delete: missing access token for tt4b_product_sync
2023-12-10T08:21:24+00:00 DEBUG tt4b_product_delete: missing access token for tt4b_product_sync
2023-12-10T08:21:24+00:00 DEBUG tt4b_product_delete: missing access token for tt4b_product_sync
2023-12-10T08:21:24+00:00 DEBUG tt4b_product_delete: missing access token for tt4b_product_sync
2023-12-10T08:21:24+00:00 DEBUG tt4b_product_delete: missing access token for tt4b_product_sync
2023-12-10T08:21:24+00:00 DEBUG tt4b_product_delete: missing access token for tt4b_product_sync
2023-12-10T08:21:24+00:00 DEBUG tt4b_product_delete: missing access token for tt4b_product_sync
2023-12-10T08:21:25+00:00 DEBUG tt4b_product_delete: missing access token for tt4b_product_sync
2023-12-10T08:21:25+00:00 DEBUG tt4b_product_delete: missing access token for tt4b_product_sync
2023-12-10T08:21:25+00:00 DEBUG tt4b_product_delete: missing access token for tt4b_product_sync
2023-12-10T08:21:25+00:00 DEBUG tt4b_product_delete: missing access token for tt4b_product_sync
2023-12-10T08:21:25+00:00 DEBUG tt4b_product_delete: missing access token for tt4b_product_sync
2023-12-10T08:21:25+00:00 DEBUG tt4b_product_delete: missing access token for tt4b_product_sync
2023-12-10T08:21:25+00:00 DEBUG tt4b_product_delete: missing access token for tt4b_product_sync
2023-12-10T08:21:25+00:00 DEBUG tt4b_product_delete: missing access token for tt4b_product_sync
2023-12-10T08:21:25+00:00 DEBUG tt4b_product_delete: missing access token for tt4b_product_sync
2023-12-10T08:21:25+00:00 DEBUG tt4b_product_delete: missing access token for tt4b_product_sync
2023-12-10T08:21:25+00:00 DEBUG tt4b_product_delete: missing access token for tt4b_product_sync
2023-12-10T08:21:25+00:00 DEBUG tt4b_product_delete: missing access token for tt4b_product_sync
2023-12-10T08:21:25+00:00 DEBUG tt4b_product_delete: missing access token for tt4b_product_sync
2023-12-10T08:21:25+00:00 DEBUG tt4b_product_delete: missing access token for tt4b_product_sync
2023-12-10T08:21:25+00:00 DEBUG tt4b_product_delete: missing access token for tt4b_product_sync
2023-12-10T08:21:25+00:00 DEBUG tt4b_product_delete: missing access token for tt4b_product_sync
2023-12-10T08:21:25+00:00 DEBUG tt4b_product_delete: missing access token for tt4b_product_sync
2023-12-10T08:21:25+00:00 DEBUG tt4b_product_delete: missing access token for tt4b_product_sync
2023-12-10T08:21:25+00:00 DEBUG tt4b_product_delete: missing access token for tt4b_product_sync
2023-12-10T08:21:25+00:00 DEBUG tt4b_product_delete: missing access token for tt4b_product_sync
2023-12-10T08:21:25+00:00 DEBUG tt4b_product_delete: missing access token for tt4b_product_sync
2023-12-10T08:21:25+00:00 DEBUG tt4b_product_delete: missing access token for tt4b_product_sync
2023-12-10T08:21:26+00:00 DEBUG tt4b_product_delete: missing access token for tt4b_product_sync
2023-12-10T08:22:03+00:00 DEBUG tt4b_product_delete: missing access token for tt4b_product_sync
2023-12-10T08:22:03+00:00 DEBUG tt4b_product_delete: missing access token for tt4b_product_sync
2023-12-10T08:22:03+00:00 DEBUG tt4b_product_delete: missing access token for tt4b_product_sync
2023-12-10T08:22:03+00:00 DEBUG tt4b_product_delete: missing access token for tt4b_product_sync
2023-12-10T08:22:03+00:00 DEBUG tt4b_product_delete: missing access token for tt4b_product_sync
2023-12-10T08:22:03+00:00 DEBUG tt4b_product_delete: missing access token for tt4b_product_sync
2023-12-10T08:22:03+00:00 DEBUG tt4b_product_delete: missing access token for tt4b_product_sync
2023-12-10T08:22:03+00:00 DEBUG tt4b_product_delete: missing access token for tt4b_product_sync
2023-12-10T08:22:04+00:00 DEBUG tt4b_product_delete: missing access token for tt4b_product_sync
2023-12-10T08:22:04+00:00 DEBUG tt4b_product_delete: missing access token for tt4b_product_sync
2023-12-10T08:22:04+00:00 DEBUG tt4b_product_delete: missing access token for tt4b_product_sync
2023-12-10T08:22:04+00:00 DEBUG tt4b_product_delete: missing access token for tt4b_product_sync
2023-12-10T08:22:04+00:00 DEBUG tt4b_product_delete: missing access token for tt4b_product_sync
2023-12-10T08:22:04+00:00 DEBUG tt4b_product_delete: missing access token for tt4b_product_sync
2023-12-10T08:22:04+00:00 DEBUG tt4b_product_delete: missing access token for tt4b_product_sync
2023-12-10T08:22:04+00:00 DEBUG tt4b_product_delete: missing access token for tt4b_product_sync
2023-12-10T08:22:04+00:00 DEBUG tt4b_product_delete: missing access token for tt4b_product_sync
2023-12-10T08:22:04+00:00 DEBUG tt4b_product_delete: missing access token for tt4b_product_sync
2023-12-10T08:22:04+00:00 DEBUG tt4b_product_delete: missing access token for tt4b_product_sync
2023-12-10T08:22:04+00:00 DEBUG tt4b_product_delete: missing access token for tt4b_product_sync
2023-12-10T08:22:04+00:00 DEBUG tt4b_product_delete: missing access token for tt4b_product_sync
2023-12-10T08:22:04+00:00 DEBUG tt4b_product_delete: missing access token for tt4b_product_sync
2023-12-10T08:22:04+00:00 DEBUG tt4b_product_delete: missing access token for tt4b_product_sync
2023-12-10T08:22:04+00:00 DEBUG tt4b_product_delete: missing access token for tt4b_product_sync
2023-12-10T08:22:04+00:00 DEBUG tt4b_product_delete: missing access token for tt4b_product_sync
2023-12-10T08:22:04+00:00 DEBUG tt4b_product_delete: missing access token for tt4b_product_sync
2023-12-10T08:22:04+00:00 DEBUG tt4b_product_delete: missing access token for tt4b_product_sync
2023-12-10T08:22:04+00:00 DEBUG tt4b_product_delete: missing access token for tt4b_product_sync
2023-12-10T08:22:04+00:00 DEBUG tt4b_product_delete: missing access token for tt4b_product_sync
2023-12-10T08:22:04+00:00 DEBUG tt4b_product_delete: missing access token for tt4b_product_sync
2023-12-10T08:24:47+00:00 DEBUG Tt4b_Pixel_Class::inject_view_content_event: hit ViewContent
2023-12-10T08:24:47+00:00 DEBUG Tt4b_Pixel_Class::inject_view_content_event: Missing option "access_token"
2023-12-10T08:30:02+00:00 DEBUG Tt4b_Pixel_Class::inject_view_content_event: hit ViewContent
2023-12-10T08:30:02+00:00 DEBUG Tt4b_Pixel_Class::inject_view_content_event: Missing option "access_token"
2023-12-10T08:30:07+00:00 DEBUG Tt4b_Pixel_Class::inject_view_content_event: hit ViewContent
2023-12-10T08:30:07+00:00 DEBUG Tt4b_Pixel_Class::inject_view_content_event: Missing option "access_token"
2023-12-10T08:30:24+00:00 DEBUG Tt4b_Pixel_Class::inject_view_content_event: hit ViewContent
2023-12-10T08:30:24+00:00 DEBUG Tt4b_Pixel_Class::inject_view_content_event: Missing option "access_token"
2023-12-10T08:30:46+00:00 DEBUG Tt4b_Pixel_Class::inject_view_content_event: hit ViewContent
2023-12-10T08:30:46+00:00 DEBUG Tt4b_Pixel_Class::inject_view_content_event: Missing option "access_token"
2023-12-10T08:31:49+00:00 DEBUG Tt4b_Pixel_Class::inject_view_content_event: hit ViewContent
2023-12-10T08:31:49+00:00 DEBUG Tt4b_Pixel_Class::inject_view_content_event: Missing option "access_token"
2023-12-10T08:32:38+00:00 DEBUG Tt4b_Pixel_Class::inject_view_content_event: hit ViewContent
2023-12-10T08:32:38+00:00 DEBUG Tt4b_Pixel_Class::inject_view_content_event: Missing option "access_token"
2023-12-10T08:32:47+00:00 DEBUG Tt4b_Pixel_Class::inject_view_content_event: hit ViewContent
2023-12-10T08:32:47+00:00 DEBUG Tt4b_Pixel_Class::inject_view_content_event: Missing option "access_token"
2023-12-10T08:34:21+00:00 DEBUG Tt4b_Pixel_Class::inject_view_content_event: hit ViewContent
2023-12-10T08:34:21+00:00 DEBUG Tt4b_Pixel_Class::inject_view_content_event: Missing option "access_token"
2023-12-10T08:38:33+00:00 DEBUG Tt4b_Pixel_Class::inject_view_content_event: hit ViewContent
2023-12-10T08:38:33+00:00 DEBUG Tt4b_Pixel_Class::inject_view_content_event: Missing option "access_token"
2023-12-10T08:39:38+00:00 DEBUG Tt4b_Pixel_Class::inject_view_content_event: hit ViewContent
2023-12-10T08:39:38+00:00 DEBUG Tt4b_Pixel_Class::inject_view_content_event: Missing option "access_token"
2023-12-10T08:42:03+00:00 DEBUG Tt4b_Pixel_Class::inject_view_content_event: hit ViewContent
2023-12-10T08:42:03+00:00 DEBUG Tt4b_Pixel_Class::inject_view_content_event: Missing option "access_token"
2023-12-10T08:42:45+00:00 DEBUG Tt4b_Pixel_Class::inject_view_content_event: hit ViewContent
2023-12-10T08:42:45+00:00 DEBUG Tt4b_Pixel_Class::inject_view_content_event: Missing option "access_token"
2023-12-10T08:44:29+00:00 DEBUG Tt4b_Pixel_Class::inject_view_content_event: hit ViewContent
2023-12-10T08:44:29+00:00 DEBUG Tt4b_Pixel_Class::inject_view_content_event: Missing option "access_token"
2023-12-10T08:44:44+00:00 DEBUG Tt4b_Pixel_Class::inject_view_content_event: hit ViewContent
2023-12-10T08:44:44+00:00 DEBUG Tt4b_Pixel_Class::inject_view_content_event: Missing option "access_token"
2023-12-10T08:52:28+00:00 DEBUG Tt4b_Pixel_Class::inject_view_content_event: hit ViewContent
2023-12-10T08:52:28+00:00 DEBUG Tt4b_Pixel_Class::inject_view_content_event: Missing option "access_token"
2023-12-10T08:54:22+00:00 DEBUG Tt4b_Pixel_Class::inject_view_content_event: hit ViewContent
2023-12-10T08:54:22+00:00 DEBUG Tt4b_Pixel_Class::inject_view_content_event: Missing option "access_token"
2023-12-10T08:56:27+00:00 DEBUG Tt4b_Pixel_Class::inject_view_content_event: hit ViewContent
2023-12-10T08:56:27+00:00 DEBUG Tt4b_Pixel_Class::inject_view_content_event: Missing option "access_token"
2023-12-10T08:57:27+00:00 DEBUG Tt4b_Pixel_Class::inject_view_content_event: hit ViewContent
2023-12-10T08:57:27+00:00 DEBUG Tt4b_Pixel_Class::inject_view_content_event: Missing option "access_token"
2023-12-10T08:58:12+00:00 DEBUG Tt4b_Pixel_Class::inject_view_content_event: hit ViewContent
2023-12-10T08:58:12+00:00 DEBUG Tt4b_Pixel_Class::inject_view_content_event: Missing option "access_token"
2023-12-10T08:58:19+00:00 DEBUG Tt4b_Pixel_Class::inject_view_content_event: hit ViewContent
2023-12-10T08:58:19+00:00 DEBUG Tt4b_Pixel_Class::inject_view_content_event: Missing option "access_token"
2023-12-10T08:58:25+00:00 DEBUG Tt4b_Pixel_Class::inject_view_content_event: hit ViewContent
2023-12-10T08:58:25+00:00 DEBUG Tt4b_Pixel_Class::inject_view_content_event: Missing option "access_token"
2023-12-10T09:07:52+00:00 DEBUG Tt4b_Pixel_Class::inject_view_content_event: hit ViewContent
2023-12-10T09:07:52+00:00 DEBUG Tt4b_Pixel_Class::inject_view_content_event: Missing option "access_token"
2023-12-10T09:21:03+00:00 DEBUG Tt4b_Pixel_Class::inject_view_content_event: hit ViewContent
2023-12-10T09:21:03+00:00 DEBUG Tt4b_Pixel_Class::inject_view_content_event: Missing option "access_token"
2023-12-10T09:25:36+00:00 DEBUG Tt4b_Pixel_Class::inject_view_content_event: hit ViewContent
2023-12-10T09:25:36+00:00 DEBUG Tt4b_Pixel_Class::inject_view_content_event: Missing option "access_token"
2023-12-10T09:32:03+00:00 DEBUG Tt4b_Pixel_Class::inject_view_content_event: hit ViewContent
2023-12-10T09:32:03+00:00 DEBUG Tt4b_Pixel_Class::inject_view_content_event: Missing option "access_token"
2023-12-10T09:32:47+00:00 DEBUG Tt4b_Pixel_Class::inject_view_content_event: hit ViewContent
2023-12-10T09:32:47+00:00 DEBUG Tt4b_Pixel_Class::inject_view_content_event: Missing option "access_token"
2023-12-10T10:14:44+00:00 DEBUG Tt4b_Pixel_Class::inject_view_content_event: hit ViewContent
2023-12-10T10:14:44+00:00 DEBUG Tt4b_Pixel_Class::inject_view_content_event: Missing option "access_token"
2023-12-10T10:14:52+00:00 DEBUG Tt4b_Pixel_Class::inject_view_content_event: hit ViewContent
2023-12-10T10:14:52+00:00 DEBUG Tt4b_Pixel_Class::inject_view_content_event: Missing option "access_token"
2023-12-10T10:15:06+00:00 DEBUG Tt4b_Pixel_Class::inject_add_to_cart_event: hit AddToCart
2023-12-10T10:15:06+00:00 DEBUG Tt4b_Pixel_Class::inject_add_to_cart_event: Missing option "access_token"
2023-12-10T10:15:07+00:00 DEBUG Tt4b_Pixel_Class::inject_view_content_event: hit ViewContent
2023-12-10T10:15:07+00:00 DEBUG Tt4b_Pixel_Class::inject_view_content_event: Missing option "access_token"
2023-12-10T10:15:08+00:00 DEBUG Tt4b_Pixel_Class::inject_view_content_event: hit ViewContent
2023-12-10T10:15:08+00:00 DEBUG Tt4b_Pixel_Class::inject_view_content_event: Missing option "access_token"
2023-12-10T10:15:13+00:00 DEBUG Tt4b_Pixel_Class::inject_add_to_cart_event: hit AddToCart
2023-12-10T10:15:13+00:00 DEBUG Tt4b_Pixel_Class::inject_add_to_cart_event: Missing option "access_token"
2023-12-10T10:15:13+00:00 DEBUG Tt4b_Pixel_Class::inject_view_content_event: hit ViewContent
2023-12-10T10:15:13+00:00 DEBUG Tt4b_Pixel_Class::inject_view_content_event: Missing option "access_token"
2023-12-10T10:15:25+00:00 DEBUG Tt4b_Pixel_Class::inject_view_content_event: hit ViewContent
2023-12-10T10:15:25+00:00 DEBUG Tt4b_Pixel_Class::inject_view_content_event: Missing option "access_token"
2023-12-10T10:16:25+00:00 DEBUG Tt4b_Pixel_Class::inject_view_content_event: hit ViewContent
2023-12-10T10:16:25+00:00 DEBUG Tt4b_Pixel_Class::inject_view_content_event: Missing option "access_token"
2023-12-10T10:16:52+00:00 DEBUG Tt4b_Pixel_Class::inject_view_content_event: hit ViewContent
2023-12-10T10:16:52+00:00 DEBUG Tt4b_Pixel_Class::inject_view_content_event: Missing option "access_token"
2023-12-10T10:17:00+00:00 DEBUG Tt4b_Pixel_Class::inject_add_to_cart_event: hit AddToCart
2023-12-10T10:17:00+00:00 DEBUG Tt4b_Pixel_Class::inject_add_to_cart_event: Missing option "access_token"
2023-12-10T10:17:00+00:00 DEBUG Tt4b_Pixel_Class::inject_view_content_event: hit ViewContent
2023-12-10T10:17:00+00:00 DEBUG Tt4b_Pixel_Class::inject_view_content_event: Missing option "access_token"
2023-12-10T10:17:02+00:00 DEBUG Tt4b_Pixel_Class::inject_view_content_event: hit ViewContent
2023-12-10T10:17:02+00:00 DEBUG Tt4b_Pixel_Class::inject_view_content_event: Missing option "access_token"
2023-12-10T10:59:54+00:00 DEBUG Tt4b_Pixel_Class::inject_view_content_event: hit ViewContent
2023-12-10T10:59:54+00:00 DEBUG Tt4b_Pixel_Class::inject_view_content_event: Missing option "access_token"
2023-12-10T11:19:58+00:00 DEBUG Tt4b_Pixel_Class::inject_view_content_event: hit ViewContent
2023-12-10T11:19:58+00:00 DEBUG Tt4b_Pixel_Class::inject_view_content_event: Missing option "access_token"
2023-12-10T11:26:30+00:00 DEBUG Tt4b_Pixel_Class::inject_view_content_event: hit ViewContent
2023-12-10T11:26:30+00:00 DEBUG Tt4b_Pixel_Class::inject_view_content_event: Missing option "access_token"
2023-12-10T11:26:36+00:00 DEBUG Tt4b_Pixel_Class::inject_add_to_cart_event: hit AddToCart
2023-12-10T11:26:36+00:00 DEBUG Tt4b_Pixel_Class::inject_add_to_cart_event: Missing option "access_token"
2023-12-10T11:26:37+00:00 DEBUG Tt4b_Pixel_Class::inject_view_content_event: hit ViewContent
2023-12-10T11:26:37+00:00 DEBUG Tt4b_Pixel_Class::inject_view_content_event: Missing option "access_token"
2023-12-10T11:26:38+00:00 DEBUG Tt4b_Pixel_Class::inject_view_content_event: hit ViewContent
2023-12-10T11:26:38+00:00 DEBUG Tt4b_Pixel_Class::inject_view_content_event: Missing option "access_token"
2023-12-10T11:26:43+00:00 DEBUG Tt4b_Pixel_Class::inject_add_to_cart_event: hit AddToCart
2023-12-10T11:26:43+00:00 DEBUG Tt4b_Pixel_Class::inject_add_to_cart_event: Missing option "access_token"
2023-12-10T11:26:44+00:00 DEBUG Tt4b_Pixel_Class::inject_view_content_event: hit ViewContent
2023-12-10T11:26:44+00:00 DEBUG Tt4b_Pixel_Class::inject_view_content_event: Missing option "access_token"
2023-12-10T11:34:02+00:00 DEBUG Tt4b_Pixel_Class::inject_view_content_event: hit ViewContent
2023-12-10T11:34:02+00:00 DEBUG Tt4b_Pixel_Class::inject_view_content_event: Missing option "access_token"
2023-12-10T12:06:25+00:00 DEBUG Tt4b_Pixel_Class::inject_view_content_event: hit ViewContent
2023-12-10T12:06:25+00:00 DEBUG Tt4b_Pixel_Class::inject_view_content_event: Missing option "access_token"
2023-12-10T12:06:33+00:00 DEBUG Tt4b_Pixel_Class::inject_start_checkout: hit InitiateCheckout
2023-12-10T12:06:33+00:00 DEBUG Tt4b_Pixel_Class::inject_start_checkout: Missing option "access_token"
2023-12-10T12:13:22+00:00 DEBUG Tt4b_Pixel_Class::inject_start_checkout: hit InitiateCheckout
2023-12-10T12:13:22+00:00 DEBUG Tt4b_Pixel_Class::inject_start_checkout: Missing option "access_token"
2023-12-10T12:13:57+00:00 DEBUG Tt4b_Pixel_Class::inject_start_checkout: hit InitiateCheckout
2023-12-10T12:13:57+00:00 DEBUG Tt4b_Pixel_Class::inject_start_checkout: Missing option "access_token"
2023-12-10T12:14:22+00:00 DEBUG Tt4b_Pixel_Class::inject_start_checkout: hit InitiateCheckout
2023-12-10T12:14:22+00:00 DEBUG Tt4b_Pixel_Class::inject_start_checkout: Missing option "access_token"
2023-12-10T12:16:19+00:00 DEBUG Tt4b_Pixel_Class::inject_start_checkout: hit InitiateCheckout
2023-12-10T12:16:19+00:00 DEBUG Tt4b_Pixel_Class::inject_start_checkout: Missing option "access_token"
2023-12-10T12:16:34+00:00 DEBUG Tt4b_Pixel_Class::inject_start_checkout: hit InitiateCheckout
2023-12-10T12:16:34+00:00 DEBUG Tt4b_Pixel_Class::inject_start_checkout: Missing option "access_token"
2023-12-10T12:17:05+00:00 DEBUG Tt4b_Pixel_Class::inject_view_content_event: hit ViewContent
2023-12-10T12:17:05+00:00 DEBUG Tt4b_Pixel_Class::inject_view_content_event: Missing option "access_token"
2023-12-10T12:17:12+00:00 DEBUG Tt4b_Pixel_Class::inject_add_to_cart_event: hit AddToCart
2023-12-10T12:17:12+00:00 DEBUG Tt4b_Pixel_Class::inject_add_to_cart_event: Missing option "access_token"
2023-12-10T12:17:12+00:00 DEBUG Tt4b_Pixel_Class::inject_view_content_event: hit ViewContent
2023-12-10T12:17:12+00:00 DEBUG Tt4b_Pixel_Class::inject_view_content_event: Missing option "access_token"
2023-12-10T12:18:37+00:00 DEBUG Tt4b_Pixel_Class::inject_start_checkout: hit InitiateCheckout
2023-12-10T12:18:37+00:00 DEBUG Tt4b_Pixel_Class::inject_start_checkout: Missing option "access_token"
2023-12-10T12:38:08+00:00 DEBUG Tt4b_Pixel_Class::inject_view_content_event: hit ViewContent
2023-12-10T12:38:08+00:00 DEBUG Tt4b_Pixel_Class::inject_view_content_event: Missing option "access_token"
2023-12-10T12:42:01+00:00 DEBUG Tt4b_Pixel_Class::inject_view_content_event: hit ViewContent
2023-12-10T12:42:01+00:00 DEBUG Tt4b_Pixel_Class::inject_view_content_event: Missing option "access_token"
2023-12-10T12:43:02+00:00 DEBUG Tt4b_Pixel_Class::inject_view_content_event: hit ViewContent
2023-12-10T12:43:02+00:00 DEBUG Tt4b_Pixel_Class::inject_view_content_event: Missing option "access_token"
2023-12-10T12:43:20+00:00 DEBUG Tt4b_Pixel_Class::inject_view_content_event: hit ViewContent
2023-12-10T12:43:20+00:00 DEBUG Tt4b_Pixel_Class::inject_view_content_event: Missing option "access_token"
2023-12-10T12:48:53+00:00 DEBUG Tt4b_Pixel_Class::inject_view_content_event: hit ViewContent
2023-12-10T12:48:53+00:00 DEBUG Tt4b_Pixel_Class::inject_view_content_event: Missing option "access_token"
2023-12-10T12:49:32+00:00 DEBUG Tt4b_Pixel_Class::inject_view_content_event: hit ViewContent
2023-12-10T12:49:32+00:00 DEBUG Tt4b_Pixel_Class::inject_view_content_event: Missing option "access_token"
2023-12-10T12:49:55+00:00 DEBUG Tt4b_Pixel_Class::inject_view_content_event: hit ViewContent
2023-12-10T12:49:55+00:00 DEBUG Tt4b_Pixel_Class::inject_view_content_event: Missing option "access_token"
2023-12-10T12:51:00+00:00 DEBUG Tt4b_Pixel_Class::inject_view_content_event: hit ViewContent
2023-12-10T12:51:00+00:00 DEBUG Tt4b_Pixel_Class::inject_view_content_event: Missing option "access_token"
2023-12-10T12:53:13+00:00 DEBUG Tt4b_Pixel_Class::inject_view_content_event: hit ViewContent
2023-12-10T12:53:13+00:00 DEBUG Tt4b_Pixel_Class::inject_view_content_event: Missing option "access_token"
2023-12-10T12:53:30+00:00 DEBUG Tt4b_Pixel_Class::inject_view_content_event: hit ViewContent
2023-12-10T12:53:30+00:00 DEBUG Tt4b_Pixel_Class::inject_view_content_event: Missing option "access_token"
2023-12-10T12:53:50+00:00 DEBUG Tt4b_Pixel_Class::inject_view_content_event: hit ViewContent
2023-12-10T12:53:50+00:00 DEBUG Tt4b_Pixel_Class::inject_view_content_event: Missing option "access_token"
2023-12-10T12:54:22+00:00 DEBUG Tt4b_Pixel_Class::inject_view_content_event: hit ViewContent
2023-12-10T12:54:22+00:00 DEBUG Tt4b_Pixel_Class::inject_view_content_event: Missing option "access_token"
